Determining if files direct.h exist failed with the following output:
Change Dir: /home/tomas/programs/gromacs-4.5.4/gromacs-4.5.4-exp/build/CMakeFiles/CMakeTmp

Run Build Command(s):/usr/bin/gmake -f Makefile cmTC_f213a/fast && /usr/bin/gmake  -f CMakeFiles/cmTC_f213a.dir/build.make CMakeFiles/cmTC_f213a.dir/build
gmake[1]: Entering directory '/home/tomas/programs/gromacs-4.5.4/gromacs-4.5.4-exp/build/CMakeFiles/CMakeTmp'
Building C object CMakeFiles/cmTC_f213a.dir/HAVE_DIRECT_H.c.o
/usr/bin/cc   -fexcess-precision=fast -Wall -Wno-unused    -o CMakeFiles/cmTC_f213a.dir/HAVE_DIRECT_H.c.o -c /home/tomas/programs/gromacs-4.5.4/gromacs-4.5.4-exp/build/CMakeFiles/CheckIncludeFiles/HAVE_DIRECT_H.c
/home/tomas/programs/gromacs-4.5.4/gromacs-4.5.4-exp/build/CMakeFiles/CheckIncludeFiles/HAVE_DIRECT_H.c:2:10: fatal error: direct.h: No such file or directory
    2 | #include <direct.h>
      |          ^~~~~~~~~~
compilation terminated.
gmake[1]: *** [CMakeFiles/cmTC_f213a.dir/build.make:78: CMakeFiles/cmTC_f213a.dir/HAVE_DIRECT_H.c.o] Error 1
gmake[1]: Leaving directory '/home/tomas/programs/gromacs-4.5.4/gromacs-4.5.4-exp/build/CMakeFiles/CMakeTmp'
gmake: *** [Makefile:127: cmTC_f213a/fast] Error 2


Source:
/* */
#include <direct.h>


int main(void){return 0;}

Determining if files rpc/rpc.h exist failed with the following output:
Change Dir: /home/tomas/programs/gromacs-4.5.4/gromacs-4.5.4-exp/build/CMakeFiles/CMakeTmp

Run Build Command(s):/usr/bin/gmake -f Makefile cmTC_3edbd/fast && /usr/bin/gmake  -f CMakeFiles/cmTC_3edbd.dir/build.make CMakeFiles/cmTC_3edbd.dir/build
gmake[1]: Entering directory '/home/tomas/programs/gromacs-4.5.4/gromacs-4.5.4-exp/build/CMakeFiles/CMakeTmp'
Building C object CMakeFiles/cmTC_3edbd.dir/HAVE_RPC_RPC_H.c.o
/usr/bin/cc   -fexcess-precision=fast -Wall -Wno-unused    -o CMakeFiles/cmTC_3edbd.dir/HAVE_RPC_RPC_H.c.o -c /home/tomas/programs/gromacs-4.5.4/gromacs-4.5.4-exp/build/CMakeFiles/CheckIncludeFiles/HAVE_RPC_RPC_H.c
/home/tomas/programs/gromacs-4.5.4/gromacs-4.5.4-exp/build/CMakeFiles/CheckIncludeFiles/HAVE_RPC_RPC_H.c:2:10: fatal error: rpc/rpc.h: No such file or directory
    2 | #include <rpc/rpc.h>
      |          ^~~~~~~~~~~
compilation terminated.
gmake[1]: *** [CMakeFiles/cmTC_3edbd.dir/build.make:78: CMakeFiles/cmTC_3edbd.dir/HAVE_RPC_RPC_H.c.o] Error 1
gmake[1]: Leaving directory '/home/tomas/programs/gromacs-4.5.4/gromacs-4.5.4-exp/build/CMakeFiles/CMakeTmp'
gmake: *** [Makefile:127: cmTC_3edbd/fast] Error 2


Source:
/* */
#include <rpc/rpc.h>


int main(void){return 0;}

Determining if files rpc/rpc.h;rpc/xdr.h exist failed with the following output:
Change Dir: /home/tomas/programs/gromacs-4.5.4/gromacs-4.5.4-exp/build/CMakeFiles/CMakeTmp

Run Build Command(s):/usr/bin/gmake -f Makefile cmTC_eb937/fast && /usr/bin/gmake  -f CMakeFiles/cmTC_eb937.dir/build.make CMakeFiles/cmTC_eb937.dir/build
gmake[1]: Entering directory '/home/tomas/programs/gromacs-4.5.4/gromacs-4.5.4-exp/build/CMakeFiles/CMakeTmp'
Building C object CMakeFiles/cmTC_eb937.dir/HAVE_RPC_XDR_H.c.o
/usr/bin/cc   -fexcess-precision=fast -Wall -Wno-unused    -o CMakeFiles/cmTC_eb937.dir/HAVE_RPC_XDR_H.c.o -c /home/tomas/programs/gromacs-4.5.4/gromacs-4.5.4-exp/build/CMakeFiles/CheckIncludeFiles/HAVE_RPC_XDR_H.c
/home/tomas/programs/gromacs-4.5.4/gromacs-4.5.4-exp/build/CMakeFiles/CheckIncludeFiles/HAVE_RPC_XDR_H.c:2:10: fatal error: rpc/rpc.h: No such file or directory
    2 | #include <rpc/rpc.h>
      |          ^~~~~~~~~~~
compilation terminated.
gmake[1]: *** [CMakeFiles/cmTC_eb937.dir/build.make:78: CMakeFiles/cmTC_eb937.dir/HAVE_RPC_XDR_H.c.o] Error 1
gmake[1]: Leaving directory '/home/tomas/programs/gromacs-4.5.4/gromacs-4.5.4-exp/build/CMakeFiles/CMakeTmp'
gmake: *** [Makefile:127: cmTC_eb937/fast] Error 2


Source:
/* */
#include <rpc/rpc.h>
#include <rpc/xdr.h>


int main(void){return 0;}

Determining if files io.h exist failed with the following output:
Change Dir: /home/tomas/programs/gromacs-4.5.4/gromacs-4.5.4-exp/build/CMakeFiles/CMakeTmp

Run Build Command(s):/usr/bin/gmake -f Makefile cmTC_f52c7/fast && /usr/bin/gmake  -f CMakeFiles/cmTC_f52c7.dir/build.make CMakeFiles/cmTC_f52c7.dir/build
gmake[1]: Entering directory '/home/tomas/programs/gromacs-4.5.4/gromacs-4.5.4-exp/build/CMakeFiles/CMakeTmp'
Building C object CMakeFiles/cmTC_f52c7.dir/HAVE_IO_H.c.o
/usr/bin/cc   -fexcess-precision=fast -Wall -Wno-unused    -o CMakeFiles/cmTC_f52c7.dir/HAVE_IO_H.c.o -c /home/tomas/programs/gromacs-4.5.4/gromacs-4.5.4-exp/build/CMakeFiles/CheckIncludeFiles/HAVE_IO_H.c
/home/tomas/programs/gromacs-4.5.4/gromacs-4.5.4-exp/build/CMakeFiles/CheckIncludeFiles/HAVE_IO_H.c:2:10: fatal error: io.h: No such file or directory
    2 | #include <io.h>
      |          ^~~~~~
compilation terminated.
gmake[1]: *** [CMakeFiles/cmTC_f52c7.dir/build.make:78: CMakeFiles/cmTC_f52c7.dir/HAVE_IO_H.c.o] Error 1
gmake[1]: Leaving directory '/home/tomas/programs/gromacs-4.5.4/gromacs-4.5.4-exp/build/CMakeFiles/CMakeTmp'
gmake: *** [Makefile:127: cmTC_f52c7/fast] Error 2


Source:
/* */
#include <io.h>


int main(void){return 0;}

Determining if the function _aligned_malloc exists failed with the following output:
Change Dir: /home/tomas/programs/gromacs-4.5.4/gromacs-4.5.4-exp/build/CMakeFiles/CMakeTmp

Run Build Command(s):/usr/bin/gmake -f Makefile cmTC_6cc60/fast && /usr/bin/gmake  -f CMakeFiles/cmTC_6cc60.dir/build.make CMakeFiles/cmTC_6cc60.dir/build
gmake[1]: Entering directory '/home/tomas/programs/gromacs-4.5.4/gromacs-4.5.4-exp/build/CMakeFiles/CMakeTmp'
Building C object CMakeFiles/cmTC_6cc60.dir/CheckFunctionExists.c.o
/usr/bin/cc   -fexcess-precision=fast -Wall -Wno-unused   -DCHECK_FUNCTION_EXISTS=_aligned_malloc -o CMakeFiles/cmTC_6cc60.dir/CheckFunctionExists.c.o -c /usr/share/cmake-3.22/Modules/CheckFunctionExists.c
Linking C executable cmTC_6cc60
/usr/bin/cmake -E cmake_link_script CMakeFiles/cmTC_6cc60.dir/link.txt --verbose=1
/usr/bin/cc -fexcess-precision=fast -Wall -Wno-unused   -DCHECK_FUNCTION_EXISTS=_aligned_malloc -rdynamic CMakeFiles/cmTC_6cc60.dir/CheckFunctionExists.c.o -o cmTC_6cc60 
/usr/bin/ld: CMakeFiles/cmTC_6cc60.dir/CheckFunctionExists.c.o: in function `main':
CheckFunctionExists.c:(.text+0x14): undefined reference to `_aligned_malloc'
collect2: error: ld returned 1 exit status
gmake[1]: *** [CMakeFiles/cmTC_6cc60.dir/build.make:99: cmTC_6cc60] Error 1
gmake[1]: Leaving directory '/home/tomas/programs/gromacs-4.5.4/gromacs-4.5.4-exp/build/CMakeFiles/CMakeTmp'
gmake: *** [Makefile:127: cmTC_6cc60/fast] Error 2



Determining if the function _isnan exists failed with the following output:
Change Dir: /home/tomas/programs/gromacs-4.5.4/gromacs-4.5.4-exp/build/CMakeFiles/CMakeTmp

Run Build Command(s):/usr/bin/gmake -f Makefile cmTC_2abd3/fast && /usr/bin/gmake  -f CMakeFiles/cmTC_2abd3.dir/build.make CMakeFiles/cmTC_2abd3.dir/build
gmake[1]: Entering directory '/home/tomas/programs/gromacs-4.5.4/gromacs-4.5.4-exp/build/CMakeFiles/CMakeTmp'
Building C object CMakeFiles/cmTC_2abd3.dir/CheckFunctionExists.c.o
/usr/bin/cc   -fexcess-precision=fast -Wall -Wno-unused   -DCHECK_FUNCTION_EXISTS=_isnan -o CMakeFiles/cmTC_2abd3.dir/CheckFunctionExists.c.o -c /usr/share/cmake-3.22/Modules/CheckFunctionExists.c
Linking C executable cmTC_2abd3
/usr/bin/cmake -E cmake_link_script CMakeFiles/cmTC_2abd3.dir/link.txt --verbose=1
/usr/bin/cc -fexcess-precision=fast -Wall -Wno-unused   -DCHECK_FUNCTION_EXISTS=_isnan -rdynamic CMakeFiles/cmTC_2abd3.dir/CheckFunctionExists.c.o -o cmTC_2abd3 
/usr/bin/ld: CMakeFiles/cmTC_2abd3.dir/CheckFunctionExists.c.o: in function `main':
CheckFunctionExists.c:(.text+0x14): undefined reference to `_isnan'
collect2: error: ld returned 1 exit status
gmake[1]: *** [CMakeFiles/cmTC_2abd3.dir/build.make:99: cmTC_2abd3] Error 1
gmake[1]: Leaving directory '/home/tomas/programs/gromacs-4.5.4/gromacs-4.5.4-exp/build/CMakeFiles/CMakeTmp'
gmake: *** [Makefile:127: cmTC_2abd3/fast] Error 2



Determining if the function isfinite exists failed with the following output:
Change Dir: /home/tomas/programs/gromacs-4.5.4/gromacs-4.5.4-exp/build/CMakeFiles/CMakeTmp

Run Build Command(s):/usr/bin/gmake -f Makefile cmTC_cbe41/fast && /usr/bin/gmake  -f CMakeFiles/cmTC_cbe41.dir/build.make CMakeFiles/cmTC_cbe41.dir/build
gmake[1]: Entering directory '/home/tomas/programs/gromacs-4.5.4/gromacs-4.5.4-exp/build/CMakeFiles/CMakeTmp'
Building C object CMakeFiles/cmTC_cbe41.dir/CheckFunctionExists.c.o
/usr/bin/cc   -fexcess-precision=fast -Wall -Wno-unused   -DCHECK_FUNCTION_EXISTS=isfinite -o CMakeFiles/cmTC_cbe41.dir/CheckFunctionExists.c.o -c /usr/share/cmake-3.22/Modules/CheckFunctionExists.c
Linking C executable cmTC_cbe41
/usr/bin/cmake -E cmake_link_script CMakeFiles/cmTC_cbe41.dir/link.txt --verbose=1
/usr/bin/cc -fexcess-precision=fast -Wall -Wno-unused   -DCHECK_FUNCTION_EXISTS=isfinite -rdynamic CMakeFiles/cmTC_cbe41.dir/CheckFunctionExists.c.o -o cmTC_cbe41 
/usr/bin/ld: CMakeFiles/cmTC_cbe41.dir/CheckFunctionExists.c.o: in function `main':
CheckFunctionExists.c:(.text+0x14): undefined reference to `isfinite'
collect2: error: ld returned 1 exit status
gmake[1]: *** [CMakeFiles/cmTC_cbe41.dir/build.make:99: cmTC_cbe41] Error 1
gmake[1]: Leaving directory '/home/tomas/programs/gromacs-4.5.4/gromacs-4.5.4-exp/build/CMakeFiles/CMakeTmp'
gmake: *** [Makefile:127: cmTC_cbe41/fast] Error 2



Determining if the function _isfinite exists failed with the following output:
Change Dir: /home/tomas/programs/gromacs-4.5.4/gromacs-4.5.4-exp/build/CMakeFiles/CMakeTmp

Run Build Command(s):/usr/bin/gmake -f Makefile cmTC_9dd20/fast && /usr/bin/gmake  -f CMakeFiles/cmTC_9dd20.dir/build.make CMakeFiles/cmTC_9dd20.dir/build
gmake[1]: Entering directory '/home/tomas/programs/gromacs-4.5.4/gromacs-4.5.4-exp/build/CMakeFiles/CMakeTmp'
Building C object CMakeFiles/cmTC_9dd20.dir/CheckFunctionExists.c.o
/usr/bin/cc   -fexcess-precision=fast -Wall -Wno-unused   -DCHECK_FUNCTION_EXISTS=_isfinite -o CMakeFiles/cmTC_9dd20.dir/CheckFunctionExists.c.o -c /usr/share/cmake-3.22/Modules/CheckFunctionExists.c
Linking C executable cmTC_9dd20
/usr/bin/cmake -E cmake_link_script CMakeFiles/cmTC_9dd20.dir/link.txt --verbose=1
/usr/bin/cc -fexcess-precision=fast -Wall -Wno-unused   -DCHECK_FUNCTION_EXISTS=_isfinite -rdynamic CMakeFiles/cmTC_9dd20.dir/CheckFunctionExists.c.o -o cmTC_9dd20 
/usr/bin/ld: CMakeFiles/cmTC_9dd20.dir/CheckFunctionExists.c.o: in function `main':
CheckFunctionExists.c:(.text+0x14): undefined reference to `_isfinite'
collect2: error: ld returned 1 exit status
gmake[1]: *** [CMakeFiles/cmTC_9dd20.dir/build.make:99: cmTC_9dd20] Error 1
gmake[1]: Leaving directory '/home/tomas/programs/gromacs-4.5.4/gromacs-4.5.4-exp/build/CMakeFiles/CMakeTmp'
gmake: *** [Makefile:127: cmTC_9dd20/fast] Error 2



Determining if the function _fileno exists failed with the following output:
Change Dir: /home/tomas/programs/gromacs-4.5.4/gromacs-4.5.4-exp/build/CMakeFiles/CMakeTmp

Run Build Command(s):/usr/bin/gmake -f Makefile cmTC_62769/fast && /usr/bin/gmake  -f CMakeFiles/cmTC_62769.dir/build.make CMakeFiles/cmTC_62769.dir/build
gmake[1]: Entering directory '/home/tomas/programs/gromacs-4.5.4/gromacs-4.5.4-exp/build/CMakeFiles/CMakeTmp'
Building C object CMakeFiles/cmTC_62769.dir/CheckFunctionExists.c.o
/usr/bin/cc   -fexcess-precision=fast -Wall -Wno-unused   -DCHECK_FUNCTION_EXISTS=_fileno -o CMakeFiles/cmTC_62769.dir/CheckFunctionExists.c.o -c /usr/share/cmake-3.22/Modules/CheckFunctionExists.c
Linking C executable cmTC_62769
/usr/bin/cmake -E cmake_link_script CMakeFiles/cmTC_62769.dir/link.txt --verbose=1
/usr/bin/cc -fexcess-precision=fast -Wall -Wno-unused   -DCHECK_FUNCTION_EXISTS=_fileno -rdynamic CMakeFiles/cmTC_62769.dir/CheckFunctionExists.c.o -o cmTC_62769 
/usr/bin/ld: CMakeFiles/cmTC_62769.dir/CheckFunctionExists.c.o: in function `main':
CheckFunctionExists.c:(.text+0x14): undefined reference to `_fileno'
collect2: error: ld returned 1 exit status
gmake[1]: *** [CMakeFiles/cmTC_62769.dir/build.make:99: cmTC_62769] Error 1
gmake[1]: Leaving directory '/home/tomas/programs/gromacs-4.5.4/gromacs-4.5.4-exp/build/CMakeFiles/CMakeTmp'
gmake: *** [Makefile:127: cmTC_62769/fast] Error 2



Determining if the function _commit exists failed with the following output:
Change Dir: /home/tomas/programs/gromacs-4.5.4/gromacs-4.5.4-exp/build/CMakeFiles/CMakeTmp

Run Build Command(s):/usr/bin/gmake -f Makefile cmTC_83999/fast && /usr/bin/gmake  -f CMakeFiles/cmTC_83999.dir/build.make CMakeFiles/cmTC_83999.dir/build
gmake[1]: Entering directory '/home/tomas/programs/gromacs-4.5.4/gromacs-4.5.4-exp/build/CMakeFiles/CMakeTmp'
Building C object CMakeFiles/cmTC_83999.dir/CheckFunctionExists.c.o
/usr/bin/cc   -fexcess-precision=fast -Wall -Wno-unused   -DCHECK_FUNCTION_EXISTS=_commit -o CMakeFiles/cmTC_83999.dir/CheckFunctionExists.c.o -c /usr/share/cmake-3.22/Modules/CheckFunctionExists.c
Linking C executable cmTC_83999
/usr/bin/cmake -E cmake_link_script CMakeFiles/cmTC_83999.dir/link.txt --verbose=1
/usr/bin/cc -fexcess-precision=fast -Wall -Wno-unused   -DCHECK_FUNCTION_EXISTS=_commit -rdynamic CMakeFiles/cmTC_83999.dir/CheckFunctionExists.c.o -o cmTC_83999 
/usr/bin/ld: CMakeFiles/cmTC_83999.dir/CheckFunctionExists.c.o: in function `main':
CheckFunctionExists.c:(.text+0x14): undefined reference to `_commit'
collect2: error: ld returned 1 exit status
gmake[1]: *** [CMakeFiles/cmTC_83999.dir/build.make:99: cmTC_83999] Error 1
gmake[1]: Leaving directory '/home/tomas/programs/gromacs-4.5.4/gromacs-4.5.4-exp/build/CMakeFiles/CMakeTmp'
gmake: *** [Makefile:127: cmTC_83999/fast] Error 2



Determining size of bool failed with the following output:
Change Dir: /home/tomas/programs/gromacs-4.5.4/gromacs-4.5.4-exp/build/CMakeFiles/CMakeTmp

Run Build Command(s):/usr/bin/gmake -f Makefile cmTC_6a30a/fast && /usr/bin/gmake  -f CMakeFiles/cmTC_6a30a.dir/build.make CMakeFiles/cmTC_6a30a.dir/build
gmake[1]: Entering directory '/home/tomas/programs/gromacs-4.5.4/gromacs-4.5.4-exp/build/CMakeFiles/CMakeTmp'
Building C object CMakeFiles/cmTC_6a30a.dir/SIZEOF_BOOL.c.o
/usr/bin/cc   -fexcess-precision=fast -Wall -Wno-unused    -o CMakeFiles/cmTC_6a30a.dir/SIZEOF_BOOL.c.o -c /home/tomas/programs/gromacs-4.5.4/gromacs-4.5.4-exp/build/CMakeFiles/CheckTypeSize/SIZEOF_BOOL.c
/home/tomas/programs/gromacs-4.5.4/gromacs-4.5.4-exp/build/CMakeFiles/CheckTypeSize/SIZEOF_BOOL.c:27:22: error: ‘bool’ undeclared here (not in a function)
   27 | #define SIZE (sizeof(bool))
      |                      ^~~~
/home/tomas/programs/gromacs-4.5.4/gromacs-4.5.4-exp/build/CMakeFiles/CheckTypeSize/SIZEOF_BOOL.c:29:12: note: in expansion of macro ‘SIZE’
   29 |   ('0' + ((SIZE / 10000)%10)),
      |            ^~~~
/home/tomas/programs/gromacs-4.5.4/gromacs-4.5.4-exp/build/CMakeFiles/CheckTypeSize/SIZEOF_BOOL.c:4:1: note: ‘bool’ is defined in header ‘<stdbool.h>’; did you forget to ‘#include <stdbool.h>’?
    3 | #include <stddef.h>
  +++ |+#include <stdbool.h>
    4 | 
gmake[1]: *** [CMakeFiles/cmTC_6a30a.dir/build.make:78: CMakeFiles/cmTC_6a30a.dir/SIZEOF_BOOL.c.o] Error 1
gmake[1]: Leaving directory '/home/tomas/programs/gromacs-4.5.4/gromacs-4.5.4-exp/build/CMakeFiles/CMakeTmp'
gmake: *** [Makefile:127: cmTC_6a30a/fast] Error 2


/home/tomas/programs/gromacs-4.5.4/gromacs-4.5.4-exp/build/CMakeFiles/CheckTypeSize/SIZEOF_BOOL.c:
#include <sys/types.h>
#include <stdint.h>
#include <stddef.h>


#undef KEY
#if defined(__i386)
# define KEY '_','_','i','3','8','6'
#elif defined(__x86_64)
# define KEY '_','_','x','8','6','_','6','4'
#elif defined(__PPC64__)
# define KEY '_','_','P','P','C','6','4','_','_'
#elif defined(__ppc64__)
# define KEY '_','_','p','p','c','6','4','_','_'
#elif defined(__PPC__)
# define KEY '_','_','P','P','C','_','_'
#elif defined(__ppc__)
# define KEY '_','_','p','p','c','_','_'
#elif defined(__aarch64__)
# define KEY '_','_','a','a','r','c','h','6','4','_','_'
#elif defined(__ARM_ARCH_7A__)
# define KEY '_','_','A','R','M','_','A','R','C','H','_','7','A','_','_'
#elif defined(__ARM_ARCH_7S__)
# define KEY '_','_','A','R','M','_','A','R','C','H','_','7','S','_','_'
#endif

#define SIZE (sizeof(bool))
static char info_size[] =  {'I', 'N', 'F', 'O', ':', 's','i','z','e','[',
  ('0' + ((SIZE / 10000)%10)),
  ('0' + ((SIZE / 1000)%10)),
  ('0' + ((SIZE / 100)%10)),
  ('0' + ((SIZE / 10)%10)),
  ('0' +  (SIZE    % 10)),
  ']',
#ifdef KEY
  ' ','k','e','y','[', KEY, ']',
#endif
  '\0'};

#ifdef __CLASSIC_C__
int main(argc, argv) int argc; char *argv[];
#else
int main(int argc, char *argv[])
#endif
{
  int require = 0;
  require += info_size[argc];
  (void)argv;
  return require;
}


Determining if files direct.h exist failed with the following output:
Change Dir: /home/tomas/programs/gromacs-4.5.4/gromacs-4.5.4-exp/build/CMakeFiles/CMakeTmp

Run Build Command(s):/usr/bin/gmake -f Makefile cmTC_2b3c4/fast && /usr/bin/gmake  -f CMakeFiles/cmTC_2b3c4.dir/build.make CMakeFiles/cmTC_2b3c4.dir/build
gmake[1]: Entering directory '/home/tomas/programs/gromacs-4.5.4/gromacs-4.5.4-exp/build/CMakeFiles/CMakeTmp'
Building C object CMakeFiles/cmTC_2b3c4.dir/HAVE_DIRECT_H.c.o
/usr/bin/cc   -fexcess-precision=fast -Wall -Wno-unused    -o CMakeFiles/cmTC_2b3c4.dir/HAVE_DIRECT_H.c.o -c /home/tomas/programs/gromacs-4.5.4/gromacs-4.5.4-exp/build/CMakeFiles/CheckIncludeFiles/HAVE_DIRECT_H.c
/home/tomas/programs/gromacs-4.5.4/gromacs-4.5.4-exp/build/CMakeFiles/CheckIncludeFiles/HAVE_DIRECT_H.c:2:10: fatal error: direct.h: No such file or directory
    2 | #include <direct.h>
      |          ^~~~~~~~~~
compilation terminated.
gmake[1]: *** [CMakeFiles/cmTC_2b3c4.dir/build.make:78: CMakeFiles/cmTC_2b3c4.dir/HAVE_DIRECT_H.c.o] Error 1
gmake[1]: Leaving directory '/home/tomas/programs/gromacs-4.5.4/gromacs-4.5.4-exp/build/CMakeFiles/CMakeTmp'
gmake: *** [Makefile:127: cmTC_2b3c4/fast] Error 2


Source:
/* */
#include <direct.h>


int main(void){return 0;}

Determining if files rpc/rpc.h exist failed with the following output:
Change Dir: /home/tomas/programs/gromacs-4.5.4/gromacs-4.5.4-exp/build/CMakeFiles/CMakeTmp

Run Build Command(s):/usr/bin/gmake -f Makefile cmTC_61f10/fast && /usr/bin/gmake  -f CMakeFiles/cmTC_61f10.dir/build.make CMakeFiles/cmTC_61f10.dir/build
gmake[1]: Entering directory '/home/tomas/programs/gromacs-4.5.4/gromacs-4.5.4-exp/build/CMakeFiles/CMakeTmp'
Building C object CMakeFiles/cmTC_61f10.dir/HAVE_RPC_RPC_H.c.o
/usr/bin/cc   -fexcess-precision=fast -Wall -Wno-unused    -o CMakeFiles/cmTC_61f10.dir/HAVE_RPC_RPC_H.c.o -c /home/tomas/programs/gromacs-4.5.4/gromacs-4.5.4-exp/build/CMakeFiles/CheckIncludeFiles/HAVE_RPC_RPC_H.c
/home/tomas/programs/gromacs-4.5.4/gromacs-4.5.4-exp/build/CMakeFiles/CheckIncludeFiles/HAVE_RPC_RPC_H.c:2:10: fatal error: rpc/rpc.h: No such file or directory
    2 | #include <rpc/rpc.h>
      |          ^~~~~~~~~~~
compilation terminated.
gmake[1]: *** [CMakeFiles/cmTC_61f10.dir/build.make:78: CMakeFiles/cmTC_61f10.dir/HAVE_RPC_RPC_H.c.o] Error 1
gmake[1]: Leaving directory '/home/tomas/programs/gromacs-4.5.4/gromacs-4.5.4-exp/build/CMakeFiles/CMakeTmp'
gmake: *** [Makefile:127: cmTC_61f10/fast] Error 2


Source:
/* */
#include <rpc/rpc.h>


int main(void){return 0;}

Determining if files rpc/rpc.h;rpc/xdr.h exist failed with the following output:
Change Dir: /home/tomas/programs/gromacs-4.5.4/gromacs-4.5.4-exp/build/CMakeFiles/CMakeTmp

Run Build Command(s):/usr/bin/gmake -f Makefile cmTC_a187e/fast && /usr/bin/gmake  -f CMakeFiles/cmTC_a187e.dir/build.make CMakeFiles/cmTC_a187e.dir/build
gmake[1]: Entering directory '/home/tomas/programs/gromacs-4.5.4/gromacs-4.5.4-exp/build/CMakeFiles/CMakeTmp'
Building C object CMakeFiles/cmTC_a187e.dir/HAVE_RPC_XDR_H.c.o
/usr/bin/cc   -fexcess-precision=fast -Wall -Wno-unused    -o CMakeFiles/cmTC_a187e.dir/HAVE_RPC_XDR_H.c.o -c /home/tomas/programs/gromacs-4.5.4/gromacs-4.5.4-exp/build/CMakeFiles/CheckIncludeFiles/HAVE_RPC_XDR_H.c
/home/tomas/programs/gromacs-4.5.4/gromacs-4.5.4-exp/build/CMakeFiles/CheckIncludeFiles/HAVE_RPC_XDR_H.c:2:10: fatal error: rpc/rpc.h: No such file or directory
    2 | #include <rpc/rpc.h>
      |          ^~~~~~~~~~~
compilation terminated.
gmake[1]: *** [CMakeFiles/cmTC_a187e.dir/build.make:78: CMakeFiles/cmTC_a187e.dir/HAVE_RPC_XDR_H.c.o] Error 1
gmake[1]: Leaving directory '/home/tomas/programs/gromacs-4.5.4/gromacs-4.5.4-exp/build/CMakeFiles/CMakeTmp'
gmake: *** [Makefile:127: cmTC_a187e/fast] Error 2


Source:
/* */
#include <rpc/rpc.h>
#include <rpc/xdr.h>


int main(void){return 0;}

Determining if files io.h exist failed with the following output:
Change Dir: /home/tomas/programs/gromacs-4.5.4/gromacs-4.5.4-exp/build/CMakeFiles/CMakeTmp

Run Build Command(s):/usr/bin/gmake -f Makefile cmTC_edd4e/fast && /usr/bin/gmake  -f CMakeFiles/cmTC_edd4e.dir/build.make CMakeFiles/cmTC_edd4e.dir/build
gmake[1]: Entering directory '/home/tomas/programs/gromacs-4.5.4/gromacs-4.5.4-exp/build/CMakeFiles/CMakeTmp'
Building C object CMakeFiles/cmTC_edd4e.dir/HAVE_IO_H.c.o
/usr/bin/cc   -fexcess-precision=fast -Wall -Wno-unused    -o CMakeFiles/cmTC_edd4e.dir/HAVE_IO_H.c.o -c /home/tomas/programs/gromacs-4.5.4/gromacs-4.5.4-exp/build/CMakeFiles/CheckIncludeFiles/HAVE_IO_H.c
/home/tomas/programs/gromacs-4.5.4/gromacs-4.5.4-exp/build/CMakeFiles/CheckIncludeFiles/HAVE_IO_H.c:2:10: fatal error: io.h: No such file or directory
    2 | #include <io.h>
      |          ^~~~~~
compilation terminated.
gmake[1]: *** [CMakeFiles/cmTC_edd4e.dir/build.make:78: CMakeFiles/cmTC_edd4e.dir/HAVE_IO_H.c.o] Error 1
gmake[1]: Leaving directory '/home/tomas/programs/gromacs-4.5.4/gromacs-4.5.4-exp/build/CMakeFiles/CMakeTmp'
gmake: *** [Makefile:127: cmTC_edd4e/fast] Error 2


Source:
/* */
#include <io.h>


int main(void){return 0;}

Determining if the function _aligned_malloc exists failed with the following output:
Change Dir: /home/tomas/programs/gromacs-4.5.4/gromacs-4.5.4-exp/build/CMakeFiles/CMakeTmp

Run Build Command(s):/usr/bin/gmake -f Makefile cmTC_2fcc7/fast && /usr/bin/gmake  -f CMakeFiles/cmTC_2fcc7.dir/build.make CMakeFiles/cmTC_2fcc7.dir/build
gmake[1]: Entering directory '/home/tomas/programs/gromacs-4.5.4/gromacs-4.5.4-exp/build/CMakeFiles/CMakeTmp'
Building C object CMakeFiles/cmTC_2fcc7.dir/CheckFunctionExists.c.o
/usr/bin/cc   -fexcess-precision=fast -Wall -Wno-unused   -DCHECK_FUNCTION_EXISTS=_aligned_malloc -o CMakeFiles/cmTC_2fcc7.dir/CheckFunctionExists.c.o -c /usr/share/cmake-3.22/Modules/CheckFunctionExists.c
Linking C executable cmTC_2fcc7
/usr/bin/cmake -E cmake_link_script CMakeFiles/cmTC_2fcc7.dir/link.txt --verbose=1
/usr/bin/cc -fexcess-precision=fast -Wall -Wno-unused   -DCHECK_FUNCTION_EXISTS=_aligned_malloc -rdynamic CMakeFiles/cmTC_2fcc7.dir/CheckFunctionExists.c.o -o cmTC_2fcc7 
/usr/bin/ld: CMakeFiles/cmTC_2fcc7.dir/CheckFunctionExists.c.o: in function `main':
CheckFunctionExists.c:(.text+0x14): undefined reference to `_aligned_malloc'
collect2: error: ld returned 1 exit status
gmake[1]: *** [CMakeFiles/cmTC_2fcc7.dir/build.make:99: cmTC_2fcc7] Error 1
gmake[1]: Leaving directory '/home/tomas/programs/gromacs-4.5.4/gromacs-4.5.4-exp/build/CMakeFiles/CMakeTmp'
gmake: *** [Makefile:127: cmTC_2fcc7/fast] Error 2



Determining if the function _isnan exists failed with the following output:
Change Dir: /home/tomas/programs/gromacs-4.5.4/gromacs-4.5.4-exp/build/CMakeFiles/CMakeTmp

Run Build Command(s):/usr/bin/gmake -f Makefile cmTC_dd120/fast && /usr/bin/gmake  -f CMakeFiles/cmTC_dd120.dir/build.make CMakeFiles/cmTC_dd120.dir/build
gmake[1]: Entering directory '/home/tomas/programs/gromacs-4.5.4/gromacs-4.5.4-exp/build/CMakeFiles/CMakeTmp'
Building C object CMakeFiles/cmTC_dd120.dir/CheckFunctionExists.c.o
/usr/bin/cc   -fexcess-precision=fast -Wall -Wno-unused   -DCHECK_FUNCTION_EXISTS=_isnan -o CMakeFiles/cmTC_dd120.dir/CheckFunctionExists.c.o -c /usr/share/cmake-3.22/Modules/CheckFunctionExists.c
Linking C executable cmTC_dd120
/usr/bin/cmake -E cmake_link_script CMakeFiles/cmTC_dd120.dir/link.txt --verbose=1
/usr/bin/cc -fexcess-precision=fast -Wall -Wno-unused   -DCHECK_FUNCTION_EXISTS=_isnan -rdynamic CMakeFiles/cmTC_dd120.dir/CheckFunctionExists.c.o -o cmTC_dd120 
/usr/bin/ld: CMakeFiles/cmTC_dd120.dir/CheckFunctionExists.c.o: in function `main':
CheckFunctionExists.c:(.text+0x14): undefined reference to `_isnan'
collect2: error: ld returned 1 exit status
gmake[1]: *** [CMakeFiles/cmTC_dd120.dir/build.make:99: cmTC_dd120] Error 1
gmake[1]: Leaving directory '/home/tomas/programs/gromacs-4.5.4/gromacs-4.5.4-exp/build/CMakeFiles/CMakeTmp'
gmake: *** [Makefile:127: cmTC_dd120/fast] Error 2



Determining if the function isfinite exists failed with the following output:
Change Dir: /home/tomas/programs/gromacs-4.5.4/gromacs-4.5.4-exp/build/CMakeFiles/CMakeTmp

Run Build Command(s):/usr/bin/gmake -f Makefile cmTC_d70c7/fast && /usr/bin/gmake  -f CMakeFiles/cmTC_d70c7.dir/build.make CMakeFiles/cmTC_d70c7.dir/build
gmake[1]: Entering directory '/home/tomas/programs/gromacs-4.5.4/gromacs-4.5.4-exp/build/CMakeFiles/CMakeTmp'
Building C object CMakeFiles/cmTC_d70c7.dir/CheckFunctionExists.c.o
/usr/bin/cc   -fexcess-precision=fast -Wall -Wno-unused   -DCHECK_FUNCTION_EXISTS=isfinite -o CMakeFiles/cmTC_d70c7.dir/CheckFunctionExists.c.o -c /usr/share/cmake-3.22/Modules/CheckFunctionExists.c
Linking C executable cmTC_d70c7
/usr/bin/cmake -E cmake_link_script CMakeFiles/cmTC_d70c7.dir/link.txt --verbose=1
/usr/bin/cc -fexcess-precision=fast -Wall -Wno-unused   -DCHECK_FUNCTION_EXISTS=isfinite -rdynamic CMakeFiles/cmTC_d70c7.dir/CheckFunctionExists.c.o -o cmTC_d70c7 
/usr/bin/ld: CMakeFiles/cmTC_d70c7.dir/CheckFunctionExists.c.o: in function `main':
CheckFunctionExists.c:(.text+0x14): undefined reference to `isfinite'
collect2: error: ld returned 1 exit status
gmake[1]: *** [CMakeFiles/cmTC_d70c7.dir/build.make:99: cmTC_d70c7] Error 1
gmake[1]: Leaving directory '/home/tomas/programs/gromacs-4.5.4/gromacs-4.5.4-exp/build/CMakeFiles/CMakeTmp'
gmake: *** [Makefile:127: cmTC_d70c7/fast] Error 2



Determining if the function _isfinite exists failed with the following output:
Change Dir: /home/tomas/programs/gromacs-4.5.4/gromacs-4.5.4-exp/build/CMakeFiles/CMakeTmp

Run Build Command(s):/usr/bin/gmake -f Makefile cmTC_93191/fast && /usr/bin/gmake  -f CMakeFiles/cmTC_93191.dir/build.make CMakeFiles/cmTC_93191.dir/build
gmake[1]: Entering directory '/home/tomas/programs/gromacs-4.5.4/gromacs-4.5.4-exp/build/CMakeFiles/CMakeTmp'
Building C object CMakeFiles/cmTC_93191.dir/CheckFunctionExists.c.o
/usr/bin/cc   -fexcess-precision=fast -Wall -Wno-unused   -DCHECK_FUNCTION_EXISTS=_isfinite -o CMakeFiles/cmTC_93191.dir/CheckFunctionExists.c.o -c /usr/share/cmake-3.22/Modules/CheckFunctionExists.c
Linking C executable cmTC_93191
/usr/bin/cmake -E cmake_link_script CMakeFiles/cmTC_93191.dir/link.txt --verbose=1
/usr/bin/cc -fexcess-precision=fast -Wall -Wno-unused   -DCHECK_FUNCTION_EXISTS=_isfinite -rdynamic CMakeFiles/cmTC_93191.dir/CheckFunctionExists.c.o -o cmTC_93191 
/usr/bin/ld: CMakeFiles/cmTC_93191.dir/CheckFunctionExists.c.o: in function `main':
CheckFunctionExists.c:(.text+0x14): undefined reference to `_isfinite'
collect2: error: ld returned 1 exit status
gmake[1]: *** [CMakeFiles/cmTC_93191.dir/build.make:99: cmTC_93191] Error 1
gmake[1]: Leaving directory '/home/tomas/programs/gromacs-4.5.4/gromacs-4.5.4-exp/build/CMakeFiles/CMakeTmp'
gmake: *** [Makefile:127: cmTC_93191/fast] Error 2



Determining if the function _fileno exists failed with the following output:
Change Dir: /home/tomas/programs/gromacs-4.5.4/gromacs-4.5.4-exp/build/CMakeFiles/CMakeTmp

Run Build Command(s):/usr/bin/gmake -f Makefile cmTC_466c8/fast && /usr/bin/gmake  -f CMakeFiles/cmTC_466c8.dir/build.make CMakeFiles/cmTC_466c8.dir/build
gmake[1]: Entering directory '/home/tomas/programs/gromacs-4.5.4/gromacs-4.5.4-exp/build/CMakeFiles/CMakeTmp'
Building C object CMakeFiles/cmTC_466c8.dir/CheckFunctionExists.c.o
/usr/bin/cc   -fexcess-precision=fast -Wall -Wno-unused   -DCHECK_FUNCTION_EXISTS=_fileno -o CMakeFiles/cmTC_466c8.dir/CheckFunctionExists.c.o -c /usr/share/cmake-3.22/Modules/CheckFunctionExists.c
Linking C executable cmTC_466c8
/usr/bin/cmake -E cmake_link_script CMakeFiles/cmTC_466c8.dir/link.txt --verbose=1
/usr/bin/cc -fexcess-precision=fast -Wall -Wno-unused   -DCHECK_FUNCTION_EXISTS=_fileno -rdynamic CMakeFiles/cmTC_466c8.dir/CheckFunctionExists.c.o -o cmTC_466c8 
/usr/bin/ld: CMakeFiles/cmTC_466c8.dir/CheckFunctionExists.c.o: in function `main':
CheckFunctionExists.c:(.text+0x14): undefined reference to `_fileno'
collect2: error: ld returned 1 exit status
gmake[1]: *** [CMakeFiles/cmTC_466c8.dir/build.make:99: cmTC_466c8] Error 1
gmake[1]: Leaving directory '/home/tomas/programs/gromacs-4.5.4/gromacs-4.5.4-exp/build/CMakeFiles/CMakeTmp'
gmake: *** [Makefile:127: cmTC_466c8/fast] Error 2



Determining if the function _commit exists failed with the following output:
Change Dir: /home/tomas/programs/gromacs-4.5.4/gromacs-4.5.4-exp/build/CMakeFiles/CMakeTmp

Run Build Command(s):/usr/bin/gmake -f Makefile cmTC_397c2/fast && /usr/bin/gmake  -f CMakeFiles/cmTC_397c2.dir/build.make CMakeFiles/cmTC_397c2.dir/build
gmake[1]: Entering directory '/home/tomas/programs/gromacs-4.5.4/gromacs-4.5.4-exp/build/CMakeFiles/CMakeTmp'
Building C object CMakeFiles/cmTC_397c2.dir/CheckFunctionExists.c.o
/usr/bin/cc   -fexcess-precision=fast -Wall -Wno-unused   -DCHECK_FUNCTION_EXISTS=_commit -o CMakeFiles/cmTC_397c2.dir/CheckFunctionExists.c.o -c /usr/share/cmake-3.22/Modules/CheckFunctionExists.c
Linking C executable cmTC_397c2
/usr/bin/cmake -E cmake_link_script CMakeFiles/cmTC_397c2.dir/link.txt --verbose=1
/usr/bin/cc -fexcess-precision=fast -Wall -Wno-unused   -DCHECK_FUNCTION_EXISTS=_commit -rdynamic CMakeFiles/cmTC_397c2.dir/CheckFunctionExists.c.o -o cmTC_397c2 
/usr/bin/ld: CMakeFiles/cmTC_397c2.dir/CheckFunctionExists.c.o: in function `main':
CheckFunctionExists.c:(.text+0x14): undefined reference to `_commit'
collect2: error: ld returned 1 exit status
gmake[1]: *** [CMakeFiles/cmTC_397c2.dir/build.make:99: cmTC_397c2] Error 1
gmake[1]: Leaving directory '/home/tomas/programs/gromacs-4.5.4/gromacs-4.5.4-exp/build/CMakeFiles/CMakeTmp'
gmake: *** [Makefile:127: cmTC_397c2/fast] Error 2



Determining size of bool failed with the following output:
Change Dir: /home/tomas/programs/gromacs-4.5.4/gromacs-4.5.4-exp/build/CMakeFiles/CMakeTmp

Run Build Command(s):/usr/bin/gmake -f Makefile cmTC_e1112/fast && /usr/bin/gmake  -f CMakeFiles/cmTC_e1112.dir/build.make CMakeFiles/cmTC_e1112.dir/build
gmake[1]: Entering directory '/home/tomas/programs/gromacs-4.5.4/gromacs-4.5.4-exp/build/CMakeFiles/CMakeTmp'
Building C object CMakeFiles/cmTC_e1112.dir/SIZEOF_BOOL.c.o
/usr/bin/cc   -fexcess-precision=fast -Wall -Wno-unused    -o CMakeFiles/cmTC_e1112.dir/SIZEOF_BOOL.c.o -c /home/tomas/programs/gromacs-4.5.4/gromacs-4.5.4-exp/build/CMakeFiles/CheckTypeSize/SIZEOF_BOOL.c
/home/tomas/programs/gromacs-4.5.4/gromacs-4.5.4-exp/build/CMakeFiles/CheckTypeSize/SIZEOF_BOOL.c:27:22: error: ‘bool’ undeclared here (not in a function)
   27 | #define SIZE (sizeof(bool))
      |                      ^~~~
/home/tomas/programs/gromacs-4.5.4/gromacs-4.5.4-exp/build/CMakeFiles/CheckTypeSize/SIZEOF_BOOL.c:29:12: note: in expansion of macro ‘SIZE’
   29 |   ('0' + ((SIZE / 10000)%10)),
      |            ^~~~
/home/tomas/programs/gromacs-4.5.4/gromacs-4.5.4-exp/build/CMakeFiles/CheckTypeSize/SIZEOF_BOOL.c:4:1: note: ‘bool’ is defined in header ‘<stdbool.h>’; did you forget to ‘#include <stdbool.h>’?
    3 | #include <stddef.h>
  +++ |+#include <stdbool.h>
    4 | 
gmake[1]: *** [CMakeFiles/cmTC_e1112.dir/build.make:78: CMakeFiles/cmTC_e1112.dir/SIZEOF_BOOL.c.o] Error 1
gmake[1]: Leaving directory '/home/tomas/programs/gromacs-4.5.4/gromacs-4.5.4-exp/build/CMakeFiles/CMakeTmp'
gmake: *** [Makefile:127: cmTC_e1112/fast] Error 2


/home/tomas/programs/gromacs-4.5.4/gromacs-4.5.4-exp/build/CMakeFiles/CheckTypeSize/SIZEOF_BOOL.c:
#include <sys/types.h>
#include <stdint.h>
#include <stddef.h>


#undef KEY
#if defined(__i386)
# define KEY '_','_','i','3','8','6'
#elif defined(__x86_64)
# define KEY '_','_','x','8','6','_','6','4'
#elif defined(__PPC64__)
# define KEY '_','_','P','P','C','6','4','_','_'
#elif defined(__ppc64__)
# define KEY '_','_','p','p','c','6','4','_','_'
#elif defined(__PPC__)
# define KEY '_','_','P','P','C','_','_'
#elif defined(__ppc__)
# define KEY '_','_','p','p','c','_','_'
#elif defined(__aarch64__)
# define KEY '_','_','a','a','r','c','h','6','4','_','_'
#elif defined(__ARM_ARCH_7A__)
# define KEY '_','_','A','R','M','_','A','R','C','H','_','7','A','_','_'
#elif defined(__ARM_ARCH_7S__)
# define KEY '_','_','A','R','M','_','A','R','C','H','_','7','S','_','_'
#endif

#define SIZE (sizeof(bool))
static char info_size[] =  {'I', 'N', 'F', 'O', ':', 's','i','z','e','[',
  ('0' + ((SIZE / 10000)%10)),
  ('0' + ((SIZE / 1000)%10)),
  ('0' + ((SIZE / 100)%10)),
  ('0' + ((SIZE / 10)%10)),
  ('0' +  (SIZE    % 10)),
  ']',
#ifdef KEY
  ' ','k','e','y','[', KEY, ']',
#endif
  '\0'};

#ifdef __CLASSIC_C__
int main(argc, argv) int argc; char *argv[];
#else
int main(int argc, char *argv[])
#endif
{
  int require = 0;
  require += info_size[argc];
  (void)argv;
  return require;
}


